<?xml version="1.0" encoding="UTF-8"?>
<coverage generated="1675811540551" clover="3.2.0">
  <project timestamp="1675811540551" name="All files">
    <metrics statements="5" coveredstatements="5" conditionals="0" coveredconditionals="0" methods="2" coveredmethods="2" elements="7" coveredelements="7" complexity="0" loc="5" ncloc="5" packages="1" files="2" classes="2"/>
    <file name="sums.js" path="/Users/m.souza/workspace/poc-js-ts/src/sums.js">
      <metrics statements="2" coveredstatements="2" conditionals="0" coveredconditionals="0" methods="1" coveredmethods="1"/>
      <line num="2" count="1" type="stmt"/>
      <line num="5" count="1" type="stmt"/>
    </file>
    <file name="users.ts" path="/Users/m.souza/workspace/poc-js-ts/src/users.ts">
      <metrics statements="3" coveredstatements="3" conditionals="0" coveredconditionals="0" methods="1" coveredmethods="1"/>
      <line num="11" count="2" type="stmt"/>
      <line num="12" count="2" type="stmt"/>
      <line num="16" count="1" type="stmt"/>
    </file>
  </project>
</coverage>
