{"/Users/m.souza/workspace/poc-js-ts/src/sums.js": {"path":"/Users/m.souza/workspace/poc-js-ts/src/sums.js","statementMap":{"0":{"start":{"line":2,"column":4},"end":{"line":2,"column":17}},"1":{"start":{"line":5,"column":0},"end":{"line":5,"column":22}}},"fnMap":{"0":{"name":"sums","decl":{"start":{"line":1,"column":9},"end":{"line":1,"column":13}},"loc":{"start":{"line":1,"column":20},"end":{"line":3,"column":3}},"line":1}},"branchMap":{},"s":{"0":1,"1":1},"f":{"0":1},"b":{},"_coverageSchema":"1a1c01bbd47fc00a2c39e90264f33305004495a9","hash":"8c618d635875f05067fa5708c30a904d50a66a2d"}
,"/Users/m.souza/workspace/poc-js-ts/src/users.ts": {"path":"/Users/m.souza/workspace/poc-js-ts/src/users.ts","statementMap":{"0":{"start":{"line":11,"column":6},"end":{"line":11,"column":23}},"1":{"start":{"line":12,"column":6},"end":{"line":12,"column":19}},"2":{"start":{"line":16,"column":20},"end":{"line":16,"column":48}}},"fnMap":{"0":{"name":"(anonymous_0)","decl":{"start":{"line":10,"column":4},"end":{"line":10,"column":5}},"loc":{"start":{"line":10,"column":42},"end":{"line":13,"column":5}},"line":10}},"branchMap":{},"s":{"0":2,"1":2,"2":1},"f":{"0":2},"b":{},"_coverageSchema":"1a1c01bbd47fc00a2c39e90264f33305004495a9","hash":"0bbd1755254a906dacace5e7148a1f60420960c1"}
}
